 '+%d.%.%Y %H:%M:%S') - Süsteemi lisati uus kasutaja nimega mari.maasikas
 '+%d.%.%Y %H:%M:%S') - Süsteemi lisati uus kasutaja nimega juhan.jaager
 '+%d.%.%Y %H:%M:%S') - Süsteemi lisati uus kasutaja nimega mati.karu
 '+%d.%.%Y %H:%M:%S') - Süsteemi lisati uus kasutaja nimega jurgen.roomus
 '+%d.%.%Y %H:%M:%S') - Süsteemi lisati uus kasutaja nimega kati.tuhine
 '+%d.%.%Y %H:%M:%S') - Süsteemi lisati uus kasutaja nimega ulle.tooline
 '+%d.%.%Y %H:%M:%S') - Süsteemi lisati uus kasutaja nimega heli.kopter
 '+%d.%.%Y %H:%M:%S') - Süsteemi lisati uus kasutaja nimega mihkel.karu
 '+%d.%.%Y %H:%M:%S') - Süsteemi lisati uus kasutaja nimega maali.lammas
04.%.2025 14:40:22 - Süsteemi lisati uus kasutaja nimega mari.maasikas
04.%.2025 14:40:22 - Süsteemi lisati uus kasutaja nimega juhan.jaager
04.%.2025 14:40:22 - Süsteemi lisati uus kasutaja nimega mati.karu
04.%.2025 14:40:22 - Süsteemi lisati uus kasutaja nimega jurgen.roomus
04.%.2025 14:40:22 - Süsteemi lisati uus kasutaja nimega kati.tuhine
04.%.2025 14:40:22 - Süsteemi lisati uus kasutaja nimega ulle.tooline
04.%.2025 14:40:22 - Süsteemi lisati uus kasutaja nimega heli.kopter
04.%.2025 14:40:22 - Süsteemi lisati uus kasutaja nimega mihkel.karu
04.%.2025 14:40:22 - Süsteemi lisati uus kasutaja nimega maali.lammas
04.%.2025 14:40:40 - Süsteemi lisati uus kasutaja nimega mari.maasikas
04.%.2025 14:40:40 - Süsteemi lisati uus kasutaja nimega juhan.jaager
04.%.2025 14:40:40 - Süsteemi lisati uus kasutaja nimega mati.karu
04.%.2025 14:40:40 - Süsteemi lisati uus kasutaja nimega jurgen.roomus
04.%.2025 14:40:40 - Süsteemi lisati uus kasutaja nimega kati.tuhine
04.%.2025 14:40:40 - Süsteemi lisati uus kasutaja nimega ulle.tooline
04.%.2025 14:40:40 - Süsteemi lisati uus kasutaja nimega heli.kopter
04.%.2025 14:40:40 - Süsteemi lisati uus kasutaja nimega mihkel.karu
04.%.2025 14:40:40 - Süsteemi lisati uus kasutaja nimega maali.lammas
04.%.2025 14:41:23 - Süsteemi lisati uus kasutaja nimega mari.maasikas
04.%.2025 14:41:23 - Süsteemi lisati uus kasutaja nimega juhan.jaager
04.%.2025 14:41:23 - Süsteemi lisati uus kasutaja nimega mati.karu
04.%.2025 14:41:23 - Süsteemi lisati uus kasutaja nimega jurgen.roomus
04.%.2025 14:41:23 - Süsteemi lisati uus kasutaja nimega kati.tuhine
04.%.2025 14:41:23 - Süsteemi lisati uus kasutaja nimega ulle.tooline
04.%.2025 14:41:23 - Süsteemi lisati uus kasutaja nimega heli.kopter
04.%.2025 14:41:23 - Süsteemi lisati uus kasutaja nimega mihkel.karu
04.%.2025 14:41:23 - Süsteemi lisati uus kasutaja nimega maali.lammas
04.10.2025 14:57:42 - Süsteemi lisati uus kasutaja nimega toomas.tooline
